<?xml version="1.0" encoding="UTF-8"?>
<!-- Generated by org.testng.reporters.JUnitReportReporter -->
<testsuite hostname="PTL-PC" name="com.ptl.testcases.doc798autogenaffno" tests="1" failures="0" timestamp="20 Jan 2015 03:45:48 GMT" time="9.367" errors="0">
  <testcase name="CreateNewCostStatementTest" time="9.367" classname="com.ptl.testcases.doc798autogenaffno"/>
</testsuite> <!-- com.ptl.testcases.doc798autogenaffno -->
