<?xml version="1.0" encoding="UTF-8"?>
<!-- Generated by org.testng.reporters.JUnitReportReporter -->
<testsuite hostname="GMAX-PC" name="com.ptl.testcases.doc2regeditabletest" tests="2" failures="0" timestamp="20 Jan 2015 03:37:18 GMT" time="4.724" errors="0">
  <testcase name="TestSuspendExporter" time="3.566" classname="com.ptl.testcases.doc2regeditabletest"/>
  <testcase name="TestSuspendExporter" time="1.158" classname="com.ptl.testcases.doc2regeditabletest"/>
</testsuite> <!-- com.ptl.testcases.doc2regeditabletest -->
