<?xml version="1.0" encoding="UTF-8"?>
<!-- Generated by org.testng.reporters.JUnitReportReporter -->
<testsuite hostname="PTL-PC" name="com.ptl.testcases.CostStatementCreateNewTest" tests="1" failures="0" timestamp="20 Jan 2015 03:30:29 GMT" time="9.389" errors="0">
  <testcase name="CreateNewCostStatementTest" time="9.389" classname="com.ptl.testcases.CostStatementCreateNewTest"/>
</testsuite> <!-- com.ptl.testcases.CostStatementCreateNewTest -->
