<?xml version="1.0" encoding="UTF-8"?>
<!-- Generated by org.testng.reporters.JUnitReportReporter -->
<testsuite hostname="PTL-PC" name="com.ptl.testcases.doc2regeditabletest" tests="2" failures="0" timestamp="20 Jan 2015 03:44:05 GMT" time="3.480" errors="0">
  <testcase name="TestSuspendExporter" time="2.355" classname="com.ptl.testcases.doc2regeditabletest"/>
  <testcase name="TestSuspendExporter" time="1.125" classname="com.ptl.testcases.doc2regeditabletest"/>
</testsuite> <!-- com.ptl.testcases.doc2regeditabletest -->
