<?xml version="1.0" encoding="UTF-8"?>
<!-- Generated by org.testng.reporters.JUnitReportReporter -->
<testsuite hostname="GMAX-PC" name="com.ptl.testcases.CreateNewAffidavitTest" tests="2" failures="0" timestamp="19 Jan 2015 09:52:46 GMT" time="17.648" errors="0">
  <testcase name="RefNoGenaratedTest" time="0.047" classname="com.ptl.testcases.CreateNewAffidavitTest"/>
  <testcase name="NewAffidavitTest" time="17.601" classname="com.ptl.testcases.CreateNewAffidavitTest"/>
</testsuite> <!-- com.ptl.testcases.CreateNewAffidavitTest -->
