<?xml version="1.0" encoding="UTF-8"?>
<!-- Generated by org.testng.reporters.JUnitReportReporter -->
<testsuite hostname="GMAX-PC" name="com.ptl.testcases.ExporterActivateTest" tests="1" failures="0" timestamp="20 Jan 2015 03:49:37 GMT" time="6.844" errors="0">
  <testcase name="TestActivateExporter" time="6.844" classname="com.ptl.testcases.ExporterActivateTest"/>
</testsuite> <!-- com.ptl.testcases.ExporterActivateTest -->
