<?xml version="1.0" encoding="UTF-8"?>
<!-- Generated by org.testng.reporters.JUnitReportReporter -->
<testsuite hostname="GMAX-PC" name="com.ptl.testcases.ExporterApplyforCOOTest" tests="3" failures="0" timestamp="20 Jan 2015 03:57:06 GMT" time="48.131" errors="0">
  <testcase name="VerifyPaymentDetails" time="0.125" classname="com.ptl.testcases.ExporterApplyforCOOTest"/>
  <testcase name="ApplyNewCOOTest" time="44.315" classname="com.ptl.testcases.ExporterApplyforCOOTest"/>
  <testcase name="VerifyPaymentGateway" time="3.691" classname="com.ptl.testcases.ExporterApplyforCOOTest"/>
</testsuite> <!-- com.ptl.testcases.ExporterApplyforCOOTest -->
