<?xml version="1.0" encoding="UTF-8"?>
<!-- Generated by org.testng.reporters.JUnitReportReporter -->
<testsuite hostname="GMAX-PC" name="com.ptl.testcases.ExporterSuspendTest" tests="1" failures="0" timestamp="20 Jan 2015 03:50:20 GMT" time="7.006" errors="0">
  <testcase name="TestSuspendExporter" time="7.006" classname="com.ptl.testcases.ExporterSuspendTest"/>
</testsuite> <!-- com.ptl.testcases.ExporterSuspendTest -->
