<?xml version="1.0" encoding="UTF-8"?>
<!-- Generated by org.testng.reporters.JUnitReportReporter -->
<testsuite hostname="PTL-PC" name="com.ptl.testcases.CreateNewAffidavitTest" tests="2" failures="0" timestamp="20 Jan 2015 03:22:53 GMT" time="9.233" errors="0">
  <testcase name="RefNoGenaratedTest" time="0.076" classname="com.ptl.testcases.CreateNewAffidavitTest"/>
  <testcase name="NewAffidavitTest" time="9.157" classname="com.ptl.testcases.CreateNewAffidavitTest"/>
</testsuite> <!-- com.ptl.testcases.CreateNewAffidavitTest -->
